<?xml version="1.0" encoding="UTF-8"?>
<testsuite xmlns:xsi="http://www.w3.org/2001/XMLSchema-instance" xsi:schemaLocation="https://maven.apache.org/surefire/maven-surefire-plugin/xsd/surefire-test-report.xsd" name="TestSuite" time="3.181" tests="33" errors="0" skipped="1" failures="7">
  <properties>
    <property name="java.runtime.name" value="Java(TM) SE Runtime Environment"/>
    <property name="sun.boot.library.path" value="C:\Program Files\Java\jdk1.7.0_75\jre\bin"/>
    <property name="java.vm.version" value="24.75-b04"/>
    <property name="java.vm.vendor" value="Oracle Corporation"/>
    <property name="maven.multiModuleProjectDirectory" value="D:\SoftWares\workspace\testmavem"/>
    <property name="java.vendor.url" value="http://java.oracle.com/"/>
    <property name="path.separator" value=";"/>
    <property name="guice.disable.misplaced.annotation.check" value="true"/>
    <property name="java.vm.name" value="Java HotSpot(TM) 64-Bit Server VM"/>
    <property name="file.encoding.pkg" value="sun.io"/>
    <property name="user.script" value=""/>
    <property name="user.country" value="CN"/>
    <property name="sun.java.launcher" value="SUN_STANDARD"/>
    <property name="sun.os.patch.level" value=""/>
    <property name="java.vm.specification.name" value="Java Virtual Machine Specification"/>
    <property name="user.dir" value="D:\SoftWares\workspace\testmavem"/>
    <property name="java.runtime.version" value="1.7.0_75-b13"/>
    <property name="java.awt.graphicsenv" value="sun.awt.Win32GraphicsEnvironment"/>
    <property name="java.endorsed.dirs" value="C:\Program Files\Java\jdk1.7.0_75\jre\lib\endorsed"/>
    <property name="os.arch" value="amd64"/>
    <property name="java.io.tmpdir" value="C:\Users\ZHULIN~1\AppData\Local\Temp\"/>
    <property name="line.separator" value="&#10;"/>
    <property name="java.vm.specification.vendor" value="Oracle Corporation"/>
    <property name="user.variant" value=""/>
    <property name="os.name" value="Windows 8.1"/>
    <property name="classworlds.conf" value="D:\SoftWares\apache-maven-3.3.9\bin\..\bin\m2.conf"/>
    <property name="sun.jnu.encoding" value="GBK"/>
    <property name="java.library.path" value="C:\Program Files\Java\jdk1.7.0_75\bin;C:\Windows\Sun\Java\bin;C:\Windows\system32;C:\Windows;C:\Windows\system32;C:\Windows;C:\Windows\System32\Wbem;C:\Windows\System32\WindowsPowerShell\v1.0\;C:\Program Files\Java\jdk1.7.0_75\bin;D:\SoftWares\apache-maven-3.3.9\bin;D:\SoftWares\android-sdk-windows\tools;D:\SoftWares\android-sdk-windows\platform-tools;C:\Users\zhulingling\AppData\Local\Programs\Fiddler;."/>
    <property name="java.specification.name" value="Java Platform API Specification"/>
    <property name="java.class.version" value="51.0"/>
    <property name="sun.management.compiler" value="HotSpot 64-Bit Tiered Compilers"/>
    <property name="os.version" value="6.3"/>
    <property name="user.home" value="C:\Users\zhulingling"/>
    <property name="user.timezone" value="Asia/Shanghai"/>
    <property name="java.awt.printerjob" value="sun.awt.windows.WPrinterJob"/>
    <property name="java.specification.version" value="1.7"/>
    <property name="file.encoding" value="GBK"/>
    <property name="user.name" value="zhulingling"/>
    <property name="java.class.path" value="D:\SoftWares\apache-maven-3.3.9\bin\..\boot\plexus-classworlds-2.5.2.jar"/>
    <property name="java.vm.specification.version" value="1.7"/>
    <property name="sun.arch.data.model" value="64"/>
    <property name="java.home" value="C:\Program Files\Java\jdk1.7.0_75\jre"/>
    <property name="sun.java.command" value="org.codehaus.plexus.classworlds.launcher.Launcher test"/>
    <property name="java.specification.vendor" value="Oracle Corporation"/>
    <property name="user.language" value="zh"/>
    <property name="awt.toolkit" value="sun.awt.windows.WToolkit"/>
    <property name="java.vm.info" value="mixed mode"/>
    <property name="java.version" value="1.7.0_75"/>
    <property name="java.ext.dirs" value="C:\Program Files\Java\jdk1.7.0_75\jre\lib\ext;C:\Windows\Sun\Java\lib\ext"/>
    <property name="sun.boot.class.path" value="C:\Program Files\Java\jdk1.7.0_75\jre\lib\resources.jar;C:\Program Files\Java\jdk1.7.0_75\jre\lib\rt.jar;C:\Program Files\Java\jdk1.7.0_75\jre\lib\sunrsasign.jar;C:\Program Files\Java\jdk1.7.0_75\jre\lib\jsse.jar;C:\Program Files\Java\jdk1.7.0_75\jre\lib\jce.jar;C:\Program Files\Java\jdk1.7.0_75\jre\lib\charsets.jar;C:\Program Files\Java\jdk1.7.0_75\jre\lib\jfr.jar;C:\Program Files\Java\jdk1.7.0_75\jre\classes"/>
    <property name="java.vendor" value="Oracle Corporation"/>
    <property name="maven.home" value="D:\SoftWares\apache-maven-3.3.9\bin\.."/>
    <property name="file.separator" value="\"/>
    <property name="java.vendor.url.bug" value="http://bugreport.sun.com/bugreport/"/>
    <property name="sun.cpu.endian" value="little"/>
    <property name="sun.io.unicode.encoding" value="UnicodeLittle"/>
    <property name="sun.desktop" value="windows"/>
    <property name="sun.cpu.isalist" value="amd64"/>
  </properties>
  <testcase name="UserLogin" classname="com.fanbei.login.UserLoginTest" time="0.599"/>
  <testcase name="GetUserInfo" classname="com.fanbei.login.GetUserInfoTest" time="0.108"/>
  <testcase name="GetUserInfo" classname="com.fanbei.login.GetUserInfoTest" time="0.032"/>
  <testcase name="GetUserInfo" classname="com.fanbei.login.GetUserInfoTest" time="0.029"/>
  <testcase name="UserGetMineInfo" classname="com.fanbei.login.UserGetMineInfoTest" time="0.116"/>
  <testcase name="UserGetMineInfo" classname="com.fanbei.login.UserGetMineInfoTest" time="0.038"/>
  <testcase name="UserGetMineInfo" classname="com.fanbei.login.UserGetMineInfoTest" time="0.03"/>
  <testcase name="GetBowCashLogInInfo" classname="com.fanbei.borrowCash.GetBowCashLogInInfoTest" time="0.075"/>
  <testcase name="GetBowCashLogInInfo" classname="com.fanbei.borrowCash.GetBowCashLogInInfoTest" time="0.078"/>
  <testcase name="GetBowCashLogInInfo" classname="com.fanbei.borrowCash.GetBowCashLogInInfoTest" time="0.031"/>
  <testcase name="GetBowCashLogInInfo" classname="com.fanbei.borrowCash.GetBowCashLogInInfoTest" time="0.038"/>
  <testcase name="GetBowCashLogInInfo" classname="com.fanbei.borrowCash.GetConfirmBorrowInfoTest" time="0.044">
    <failure message="expected [2008] but found [1117]" type="java.lang.AssertionError">java.lang.AssertionError: expected [2008] but found [1117]
	at com.fanbei.borrowCash.GetConfirmBorrowInfoTest.GetBowCashLogInInfo(GetConfirmBorrowInfoTest.java:71)
</failure>
    <system-out><![CDATA[jsonParam={}
jsonParam={}
jsonParam={}
jsonParam={}
jsonParam={"amount":"5001.0","type":"7","couponId":""}
jsonParam={"amount":"5001.0","type":"7","couponId":""}
{"id":"i_A32ABC41-0D05-481F-A375-2F574F01BBAB_1503629510367_www","result":{"code":1117,"msg":"申请的金额无效"}}
]]></system-out>
  </testcase>
  <testcase name="GetBowCashLogInInfo" classname="com.fanbei.borrowCash.GetConfirmBorrowInfoTest" time="0.029"/>
  <testcase name="GetBowCashLogInInfo" classname="com.fanbei.borrowCash.GetConfirmBorrowInfoTest" time="0.031"/>
  <testcase name="GetBowCashLogInInfo" classname="com.fanbei.borrowCash.GetConfirmBorrowInfoTest" time="0.042"/>
  <testcase name="GetBowCashLogInInfo" classname="com.fanbei.borrowCash.GetConfirmBorrowInfoTest" time="0.076"/>
  <testcase name="GetBowCashLogInInfo" classname="com.fanbei.borrowCash.GetConfirmBorrowInfoTest" time="0.069"/>
  <testcase name="GetBowCashLogInInfo" classname="com.fanbei.borrowCash.GetConfirmBorrowInfoTest" time="0.029"/>
  <testcase name="GetBowCashLogInInfo" classname="com.fanbei.borrowCash.GetConfirmBorrowInfoTest" time="0.034">
    <failure message="expected [1000] but found [2001]" type="java.lang.AssertionError">java.lang.AssertionError: expected [1000] but found [2001]
	at com.fanbei.borrowCash.GetConfirmBorrowInfoTest.GetBowCashLogInInfo(GetConfirmBorrowInfoTest.java:71)
</failure>
    <system-out><![CDATA[jsonParam={"amount":"4999.0","type":"7","couponId":""}
jsonParam={"amount":"4999.0","type":"7","couponId":""}
{"id":"i_A32ABC41-0D05-481F-A375-2F574F01BBAB_1503629510367_www","result":{"code":2001,"msg":"您有一笔未结清账单"}}
]]></system-out>
  </testcase>
  <testcase name="GetBowCashLogInInfo" classname="com.fanbei.borrowCash.GetConfirmBorrowInfoTest" time="0.046">
    <failure message="expected [1000] but found [2001]" type="java.lang.AssertionError">java.lang.AssertionError: expected [1000] but found [2001]
	at com.fanbei.borrowCash.GetConfirmBorrowInfoTest.GetBowCashLogInInfo(GetConfirmBorrowInfoTest.java:71)
</failure>
    <system-out><![CDATA[jsonParam={"amount":"5000.0","type":"7","couponId":""}
jsonParam={"amount":"5000.0","type":"7","couponId":""}
{"id":"i_A32ABC41-0D05-481F-A375-2F574F01BBAB_1503629510367_www","result":{"code":2001,"msg":"您有一笔未结清账单"}}
]]></system-out>
  </testcase>
  <testcase name="GetBowCashLogInInfo" classname="com.fanbei.borrowCash.GetConfirmBorrowInfoTest" time="0.036">
    <failure message="expected [1000] but found [2001]" type="java.lang.AssertionError">java.lang.AssertionError: expected [1000] but found [2001]
	at com.fanbei.borrowCash.GetConfirmBorrowInfoTest.GetBowCashLogInInfo(GetConfirmBorrowInfoTest.java:71)
</failure>
    <system-out><![CDATA[jsonParam={"amount":"500","type":"14","couponId":""}
jsonParam={"amount":"500","type":"14","couponId":""}
{"id":"i_A32ABC41-0D05-481F-A375-2F574F01BBAB_1503629510367_www","result":{"code":2001,"msg":"您有一笔未结清账单"}}
]]></system-out>
  </testcase>
  <testcase name="GetBowCashLogInInfo" classname="com.fanbei.borrowCash.GetConfirmBorrowInfoTest" time="0.035">
    <failure message="expected [1000] but found [2001]" type="java.lang.AssertionError">java.lang.AssertionError: expected [1000] but found [2001]
	at com.fanbei.borrowCash.GetConfirmBorrowInfoTest.GetBowCashLogInInfo(GetConfirmBorrowInfoTest.java:71)
</failure>
    <system-out><![CDATA[jsonParam={"amount":"500","type":"7","couponId":""}
jsonParam={"amount":"500","type":"7","couponId":""}
{"id":"i_A32ABC41-0D05-481F-A375-2F574F01BBAB_1503629510367_www","result":{"code":2001,"msg":"您有一笔未结清账单"}}
]]></system-out>
  </testcase>
  <testcase name="GetBowCashLogInInfo" classname="com.fanbei.borrowCash.ApplyBorrowCashV1Test" time="0.047">
    <failure message="expected [1000] but found [2001]" type="java.lang.AssertionError">java.lang.AssertionError: expected [1000] but found [2001]
	at com.fanbei.borrowCash.ApplyBorrowCashV1Test.GetBowCashLogInInfo(ApplyBorrowCashV1Test.java:86)
</failure>
    <system-out><![CDATA[jsonParam={}
jsonParam={}
jsonParam={"amount":"500","type":"7","pwd":"e10adc3949ba59abbe56e057f20f883e","latitude":"30.213563","longitude":"120.213831","province":"zhejiangsheng","city":"hangzhoushi","address":"binjiangqujianglinglu","blackBox":"ewogICJ0b2tlbklkIiA6ICJUWXh2UzNZYUprQTNVZWF4eDhEU0JIanlabGNiMWhhNXUybTRVTENCWEtwTHFZMks2QmlvMjB3ZlNZNEJNd1krbTROcGNKSm9IYUkzZ2VLMEd1ZG9ldz09IiwKICAib3MiIDogImlPUyIsCiAgInByb2ZpbGVUaW1lIiA6IDc3OSwKICAidmVyc2lvbiIgOiAiMi4xLjUiCn0"}
{"id":"i_A32ABC41-0D05-481F-A375-2F574F01BBAB_1503629510367_www","result":{"code":2001,"msg":"您有一笔未结清账单"}}
]]></system-out>
  </testcase>
  <testcase name="GetBowCashLogInInfo" classname="com.fanbei.borrowCash.ApplyBorrowCashV1Test" time="0.11">
    <failure message="expected [1000] but found [2001]" type="java.lang.AssertionError">java.lang.AssertionError: expected [1000] but found [2001]
	at com.fanbei.borrowCash.ApplyBorrowCashV1Test.GetBowCashLogInInfo(ApplyBorrowCashV1Test.java:86)
</failure>
    <system-out><![CDATA[jsonParam={"amount":"5000.0","type":"14","pwd":"e10adc3949ba59abbe56e057f20f883e","latitude":"30.213563","longitude":"120.213831","province":"zhejiangsheng","city":"hangzhoushi","address":"binjiangqujianglinglu","blackBox":"ewogICJ0b2tlbklkIiA6ICJUWXh2UzNZYUprQTNVZWF4eDhEU0JIanlabGNiMWhhNXUybTRVTENCWEtwTHFZMks2QmlvMjB3ZlNZNEJNd1krbTROcGNKSm9IYUkzZ2VLMEd1ZG9ldz09IiwKICAib3MiIDogImlPUyIsCiAgInByb2ZpbGVUaW1lIiA6IDc3OSwKICAidmVyc2lvbiIgOiAiMi4xLjUiCn0"}
{"id":"i_A32ABC41-0D05-481F-A375-2F574F01BBAB_1503629510367_www","result":{"code":2001,"msg":"您有一笔未结清账单"}}
]]></system-out>
  </testcase>
  <testcase name="GetBowCashLogInInfo" classname="com.fanbei.borrowCash.ApplyBorrowCashV1Test" time="0.042"/>
  <testcase name="getBorrowCashList" classname="com.fanbei.borrowCash.GetBorrowCashListTest" time="0.034"/>
  <testcase name="getBorrowCashList" classname="com.fanbei.borrowCash.GetBorrowCashListTest" time="0.03"/>
  <testcase name="getBorrowCashList" classname="com.fanbei.borrowCash.GetBorrowCashDetailTest" time="0.033"/>
  <testcase name="applyRenewal" classname="com.fanbei.borrowCash.ApplyRenewalTest" time="0.035"/>
  <testcase name="confirmRenewalPay" classname="com.fanbei.borrowCash.ConfirmRenewalPayTest" time="0.033"/>
  <testcase name="getRenewalList" classname="com.fanbei.borrowCash.GetRenewalListTest" time="0.03"/>
  <testcase name="getRenewalList" classname="com.fanbei.borrowCash.GetRenewalListTest" time="0.026"/>
  <testcase name="getRenewalDetail" classname="com.fanbei.borrowCash.GetRenewalDetailTest" time="0">
    <skipped message="java.lang.IndexOutOfBoundsException: Index: 0, Size: 0"/>
    <system-out><![CDATA[jsonParam={}
{"id":"i_A32ABC41-0D05-481F-A375-2F574F01BBAB_1503629510367_www","result":{"code":1000,"data":{"cashList":[{"amount":5000.00,"gmtCreate":1504088107000,"status":"WAITTRANSED","rid":1258099},{"amount":500.00,"gmtCreate":1504088098000,"status":"FINSH","rid":1258098},{"amount":500.00,"gmtCreate":1504085705000,"status":"FINSH","rid":1258096},{"amount":500.00,"gmtCreate":1504085606000,"status":"FINSH","rid":1258095},{"amount":500.00,"gmtCreate":1504085548000,"status":"FINSH","rid":1258094},{"amount":500.00,"gmtCreate":1504085455000,"status":"FINSH","rid":1258093},{"amount":500.00,"gmtCreate":1504085356000,"status":"FINSH","rid":1258092},{"amount":500.00,"gmtCreate":1504085207000,"status":"FINSH","rid":1258091},{"amount":500.00,"gmtCreate":1504084701000,"status":"FINSH","rid":1258090},{"amount":500.00,"gmtCreate":1504084628000,"status":"FINSH","rid":1258089},{"amount":500.00,"gmtCreate":1504065294000,"status":"FINSH","rid":1258085},{"amount":500.00,"gmtCreate":1504063466000,"status":"FINSH","rid":1258082},{"amount":500.00,"gmtCreate":1504060495000,"status":"FINSH","rid":1258077},{"amount":500.00,"gmtCreate":1504060259000,"status":"FINSH","rid":1258076},{"amount":500.00,"gmtCreate":1503642563000,"status":"FINSH","rid":1257936}]},"msg":"成功"}}
jsonParam={"borrowId":"1258099"}
{"id":"i_A32ABC41-0D05-481F-A375-2F574F01BBAB_1503629510367_www","result":{"code":1000,"data":{"renewalList":[]},"msg":"成功"}}
]]></system-out>
  </testcase>
</testsuite>