<?xml version="1.0" encoding="UTF-8"?>
<!-- Generated by org.testng.reporters.JUnitReportReporter -->
<testsuite hostname="ALDPC0692" name="com.fanbei.borrowCash.GetRenewalDetailTest" tests="1" failures="0" timestamp="12 Sep 2017 06:55:17 GMT" time="0.027" errors="0">
  <testcase name="getRenewalDetail" time="0.027" classname="com.fanbei.borrowCash.GetRenewalDetailTest"/>
</testsuite> <!-- com.fanbei.borrowCash.GetRenewalDetailTest -->
