<?xml version="1.0" encoding="UTF-8"?>
<!-- Generated by org.testng.reporters.JUnitReportReporter -->
<testsuite hostname="zhulingling" name="com.fanbei.borrowCash.ApplyBorrowCashV1" tests="8" failures="0" timestamp="17 Aug 2017 06:13:46 GMT" time="3.790" errors="0">
  <testcase name="GetBowCashLogInInfo" time="0.347" classname="com.fanbei.borrowCash.ApplyBorrowCashV1"/>
  <testcase name="GetBowCashLogInInfo" time="0.030" classname="com.fanbei.borrowCash.ApplyBorrowCashV1"/>
  <testcase name="GetBowCashLogInInfo" time="0.014" classname="com.fanbei.borrowCash.ApplyBorrowCashV1"/>
  <testcase name="GetBowCashLogInInfo" time="0.016" classname="com.fanbei.borrowCash.ApplyBorrowCashV1"/>
  <testcase name="GetBowCashLogInInfo" time="0.023" classname="com.fanbei.borrowCash.ApplyBorrowCashV1"/>
  <testcase name="GetBowCashLogInInfo" time="0.016" classname="com.fanbei.borrowCash.ApplyBorrowCashV1"/>
  <testcase name="GetBowCashLogInInfo" time="0.017" classname="com.fanbei.borrowCash.ApplyBorrowCashV1"/>
  <testcase name="GetBowCashLogInInfo" time="3.327" classname="com.fanbei.borrowCash.ApplyBorrowCashV1"/>
</testsuite> <!-- com.fanbei.borrowCash.ApplyBorrowCashV1 -->
