<?xml version="1.0" encoding="UTF-8"?>
<!-- Generated by org.testng.reporters.JUnitReportReporter -->
<testsuite hostname="zhulingling" name="com.fanbei.login.UserLoginErrorTest" tests="4" failures="0" timestamp="15 Aug 2017 08:51:30 GMT" time="4.877" errors="0">
  <testcase name="UserLoginError" time="1.096" classname="com.fanbei.login.UserLoginErrorTest"/>
  <testcase name="UserLoginError" time="1.103" classname="com.fanbei.login.UserLoginErrorTest"/>
  <testcase name="UserLoginError" time="1.092" classname="com.fanbei.login.UserLoginErrorTest"/>
  <testcase name="UserLoginError" time="1.586" classname="com.fanbei.login.UserLoginErrorTest"/>
</testsuite> <!-- com.fanbei.login.UserLoginErrorTest -->
