<?xml version="1.0" encoding="UTF-8"?>
<!-- Generated by org.testng.reporters.JUnitReportReporter -->
<testsuite hostname="ALDPC0692" name="com.fanbei.borrowCash.GetLoanSupermarketTabListTest" tests="1" failures="0" timestamp="25 Aug 2017 09:39:23 GMT" time="0.593" errors="0">
  <testcase name="GetBowCashLogInInfo" time="0.593" classname="com.fanbei.borrowCash.GetLoanSupermarketTabListTest"/>
</testsuite> <!-- com.fanbei.borrowCash.GetLoanSupermarketTabListTest -->
