<?xml version="1.0" encoding="UTF-8"?>
<!-- Generated by org.testng.reporters.JUnitReportReporter -->
<testsuite hostname="ALDPC0692" name="com.fanbei.UserInfo.GetBankCardListTest" tests="1" failures="0" timestamp="25 Aug 2017 02:25:10 GMT" time="0.629" errors="0">
  <testcase name="getBankCardList" time="0.629" classname="com.fanbei.UserInfo.GetBankCardListTest"/>
</testsuite> <!-- com.fanbei.UserInfo.GetBankCardListTest -->
