<?xml version="1.0" encoding="UTF-8"?>
<!-- Generated by org.testng.reporters.JUnitReportReporter -->
<testsuite hostname="ALDPC0692" name="com.fanbei.borrowCash.GetBorrowCashDetailTest" tests="3" failures="0" timestamp="12 Sep 2017 06:55:17 GMT" time="0.275" errors="0">
  <testcase name="getBorrowCashList" time="0.107" classname="com.fanbei.borrowCash.GetBorrowCashDetailTest"/>
  <testcase name="getBorrowCashList" time="0.079" classname="com.fanbei.borrowCash.GetBorrowCashDetailTest"/>
  <testcase name="getBorrowCashList" time="0.089" classname="com.fanbei.borrowCash.GetBorrowCashDetailTest"/>
</testsuite> <!-- com.fanbei.borrowCash.GetBorrowCashDetailTest -->
