<?xml version="1.0" encoding="UTF-8"?>
<!-- Generated by org.testng.reporters.JUnitReportReporter -->
<testsuite hostname="ALDPC0692" name="com.fanbei.borrowCash.ApplyRenewalTest" tests="3" failures="0" timestamp="12 Sep 2017 06:55:17 GMT" time="0.111" errors="0">
  <testcase name="applyRenewal" time="0.024" classname="com.fanbei.borrowCash.ApplyRenewalTest"/>
  <testcase name="applyRenewal" time="0.045" classname="com.fanbei.borrowCash.ApplyRenewalTest"/>
  <testcase name="applyRenewal" time="0.042" classname="com.fanbei.borrowCash.ApplyRenewalTest"/>
</testsuite> <!-- com.fanbei.borrowCash.ApplyRenewalTest -->
