<?xml version="1.0" encoding="UTF-8"?>
<!-- Generated by org.testng.reporters.JUnitReportReporter -->
<testsuite hostname="ALDPC0692" name="com.fanbei.borrowCash.GetBorrowCashDetailTest" tests="1" failures="0" timestamp="30 Aug 2017 11:33:40 GMT" time="0.033" errors="0">
  <testcase name="getBorrowCashList" time="0.033" classname="com.fanbei.borrowCash.GetBorrowCashDetailTest"/>
</testsuite> <!-- com.fanbei.borrowCash.GetBorrowCashDetailTest -->
