<?xml version="1.0" encoding="UTF-8"?>
<!-- Generated by org.testng.reporters.JUnitReportReporter -->
<testsuite hostname="ALDPC0692" name="com.fanbei.login.UserLoginTest" tests="1" failures="0" timestamp="30 Aug 2017 11:33:40 GMT" time="0.599" errors="0">
  <testcase name="UserLogin" time="0.599" classname="com.fanbei.login.UserLoginTest"/>
</testsuite> <!-- com.fanbei.login.UserLoginTest -->
