<?xml version="1.0" encoding="UTF-8"?>
<!-- Generated by org.testng.reporters.JUnitReportReporter -->
<testsuite hostname="ALDPC0692" name="com.fanbei.borrowCash.GetBowCashLogInInfoTest" tests="4" failures="0" timestamp="30 Aug 2017 11:33:40 GMT" time="0.221" errors="0">
  <testcase name="GetBowCashLogInInfo" time="0.038" classname="com.fanbei.borrowCash.GetBowCashLogInInfoTest"/>
  <testcase name="GetBowCashLogInInfo" time="0.069" classname="com.fanbei.borrowCash.GetBowCashLogInInfoTest"/>
  <testcase name="GetBowCashLogInInfo" time="0.081" classname="com.fanbei.borrowCash.GetBowCashLogInInfoTest"/>
  <testcase name="GetBowCashLogInInfo" time="0.033" classname="com.fanbei.borrowCash.GetBowCashLogInInfoTest"/>
</testsuite> <!-- com.fanbei.borrowCash.GetBowCashLogInInfoTest -->
