<?xml version="1.0" encoding="UTF-8"?>
<!-- Generated by org.testng.reporters.JUnitReportReporter -->
<testsuite hostname="ALDPC0692" name="com.fanbei.borrowCash.GetRenewalListTest" tests="2" failures="0" timestamp="30 Aug 2017 11:33:40 GMT" time="0.058" errors="0">
  <testcase name="getRenewalList" time="0.031" classname="com.fanbei.borrowCash.GetRenewalListTest"/>
  <testcase name="getRenewalList" time="0.027" classname="com.fanbei.borrowCash.GetRenewalListTest"/>
</testsuite> <!-- com.fanbei.borrowCash.GetRenewalListTest -->
