<?xml version="1.0" encoding="UTF-8"?>
<!-- Generated by org.testng.reporters.JUnitReportReporter -->
<testsuite hostname="ALDPC0692" name="com.fanbei.borrowCash.ConfirmRenewalPayTest" tests="1" failures="0" timestamp="30 Aug 2017 11:33:40 GMT" time="0.034" errors="0">
  <testcase name="confirmRenewalPay" time="0.034" classname="com.fanbei.borrowCash.ConfirmRenewalPayTest"/>
</testsuite> <!-- com.fanbei.borrowCash.ConfirmRenewalPayTest -->
