<?xml version="1.0" encoding="UTF-8"?>
<!-- Generated by org.testng.reporters.JUnitReportReporter -->
<testsuite hostname="ALDPC0692" name="com.fanbei.login.UserGetMineInfoTest" tests="3" failures="0" timestamp="30 Aug 2017 11:33:40 GMT" time="0.184" errors="0">
  <testcase name="UserGetMineInfo" time="0.117" classname="com.fanbei.login.UserGetMineInfoTest"/>
  <testcase name="UserGetMineInfo" time="0.030" classname="com.fanbei.login.UserGetMineInfoTest"/>
  <testcase name="UserGetMineInfo" time="0.037" classname="com.fanbei.login.UserGetMineInfoTest"/>
</testsuite> <!-- com.fanbei.login.UserGetMineInfoTest -->
