<?xml version="1.0" encoding="UTF-8"?>
<!-- Generated by org.testng.reporters.JUnitReportReporter -->
<testsuite hostname="ALDPC0692" name="com.fanbei.login.GetUserInfoTest" tests="3" failures="0" timestamp="30 Aug 2017 11:33:40 GMT" time="0.169" errors="0">
  <testcase name="GetUserInfo" time="0.108" classname="com.fanbei.login.GetUserInfoTest"/>
  <testcase name="GetUserInfo" time="0.032" classname="com.fanbei.login.GetUserInfoTest"/>
  <testcase name="GetUserInfo" time="0.029" classname="com.fanbei.login.GetUserInfoTest"/>
</testsuite> <!-- com.fanbei.login.GetUserInfoTest -->
